#
# There is insufficient memory for the Java Runtime Environment to continue.
# Native memory allocation (mmap) failed to map 67108864 bytes for Failed to commit area from 0x00000000fc000000 to 0x0000000100000000 of length 67108864.
# Possible reasons:
#   The system is out of physical RAM or swap space
#   The process is running with CompressedOops enabled, and the Java Heap may be blocking the growth of the native heap
# Possible solutions:
#   Reduce memory load on the system
#   Increase physical memory or swap space
#   Check if swap backing store is full
#   Decrease Java heap size (-Xmx/-Xms)
#   Decrease number of Java threads
#   Decrease Java thread stack sizes (-Xss)
#   Set larger code cache with -XX:ReservedCodeCacheSize=
# This output file may be truncated or incomplete.
#
#  Out of Memory Error (./open/src/hotspot/os/windows/os_windows.cpp:3287), pid=20184, tid=15684
#
# JRE version:  (11.0.15.1+2) (build )
# Java VM: Java HotSpot(TM) 64-Bit Server VM (11.0.15.1+2-LTS-10, mixed mode, sharing, tiered, compressed oops, g1 gc, windows-amd64)
# No core dump will be written. Minidumps are not enabled by default on client versions of Windows
#

---------------  S U M M A R Y ------------

Command Line: -Xmx64m -Xms64m -Dorg.gradle.appname=gradlew org.gradle.wrapper.GradleWrapperMain app:installRelease -PreactNativeDevServerPort=8081

Host: Intel(R) Core(TM) i5-6200U CPU @ 2.30GHz, 4 cores, 7G,  Windows 10 , 64 bit Build 19041 (10.0.19041.4717)
Time: Thu Sep  5 01:18:27 2024 SE Asia Standard Time elapsed time: 0.025690 seconds (0d 0h 0m 0s)

---------------  T H R E A D  ---------------

Current thread (0x0000021d72b62000):  JavaThread "Unknown thread" [_thread_in_vm, id=15684, stack(0x00000084e7400000,0x00000084e7500000)]

Stack: [0x00000084e7400000,0x00000084e7500000]
Native frames: (J=compiled Java code, j=interpreted, Vv=VM code, C=native code)
V  [jvm.dll+0x629d8a]
V  [jvm.dll+0x7638ff]
V  [jvm.dll+0x764fa9]
V  [jvm.dll+0x765633]
V  [jvm.dll+0x23d9c8]
V  [jvm.dll+0x6270aa]
V  [jvm.dll+0x61be35]
V  [jvm.dll+0x2f27dc]
V  [jvm.dll+0x2f2662]
V  [jvm.dll+0x2f7386]
V  [jvm.dll+0x339d8f]
V  [jvm.dll+0x3397c0]
V  [jvm.dll+0x2cfdf8]
V  [jvm.dll+0x2d0f66]
V  [jvm.dll+0x73df07]
V  [jvm.dll+0x73f79f]
V  [jvm.dll+0x346ab9]
V  [jvm.dll+0x723810]
V  [jvm.dll+0x3b56cf]
V  [jvm.dll+0x3b77e1]
C  [jli.dll+0x5207]
C  [ucrtbase.dll+0x21bb2]
C  [KERNEL32.DLL+0x17374]
C  [ntdll.dll+0x4cc91]


---------------  P R O C E S S  ---------------

Threads class SMR info:
_java_thread_list=0x0000021d72a5f300, length=0, elements={
}

Java Threads: ( => current thread )

Other Threads:
  0x0000021d72b77800 GCTaskThread "GC Thread#0" [stack: 0x00000084e7500000,0x00000084e7600000] [id=25552]
  0x0000021d72b7d800 ConcurrentGCThread "G1 Main Marker" [stack: 0x00000084e7600000,0x00000084e7700000] [id=23320]
  0x0000021d72b80000 ConcurrentGCThread "G1 Conc#0" [stack: 0x00000084e7700000,0x00000084e7800000] [id=15176]

[error occurred during error reporting (printing all threads), id 0xc0000005, EXCEPTION_ACCESS_VIOLATION (0xc0000005) at pc=0x00007ffaabcbf087]

VM state:not at safepoint (not fully initialized)

VM Mutex/Monitor currently owned by a thread:  ([mutex/lock_event])
[0x0000021d72b5e560] Heap_lock - owner thread: 0x0000021d72b62000

Heap address: 0x00000000fc000000, size: 64 MB, Compressed Oops mode: Non-zero based: 0x00000000fc000000
Narrow klass base: 0x0000000000000000, Narrow klass shift: 0

GC Heap History (0 events):
No events

Deoptimization events (0 events):
No events

Classes redefined (0 events):
No events

Internal exceptions (0 events):
No events

Events (0 events):
No events


Dynamic libraries:
0x00007ff64ab20000 - 0x00007ff64ab2f000 	C:\Program Files\Java\jdk-11.0.15.1\bin\java.exe
0x00007ffb49690000 - 0x00007ffb49888000 	C:\WINDOWS\SYSTEM32\ntdll.dll
0x00007ffb47890000 - 0x00007ffb47951000 	C:\WINDOWS\System32\KERNEL32.DLL
0x00007ffb470f0000 - 0x00007ffb473ed000 	C:\WINDOWS\System32\KERNELBASE.dll
0x00007ffb46f50000 - 0x00007ffb47050000 	C:\WINDOWS\System32\ucrtbase.dll
0x00007ffb3dee0000 - 0x00007ffb3def5000 	C:\Program Files\Java\jdk-11.0.15.1\bin\VCRUNTIME140.dll
0x00007ffb3d520000 - 0x00007ffb3d538000 	C:\Program Files\Java\jdk-11.0.15.1\bin\jli.dll
0x00007ffb48ee0000 - 0x00007ffb48f90000 	C:\WINDOWS\System32\ADVAPI32.dll
0x00007ffb48100000 - 0x00007ffb4819e000 	C:\WINDOWS\System32\msvcrt.dll
0x00007ffb486c0000 - 0x00007ffb48760000 	C:\WINDOWS\System32\sechost.dll
0x00007ffb49200000 - 0x00007ffb49323000 	C:\WINDOWS\System32\RPCRT4.dll
0x00007ffb46f20000 - 0x00007ffb46f47000 	C:\WINDOWS\System32\bcrypt.dll
0x00007ffb49420000 - 0x00007ffb495bd000 	C:\WINDOWS\System32\USER32.dll
0x00007ffb2bae0000 - 0x00007ffb2bd7a000 	C:\WINDOWS\WinSxS\amd64_microsoft.windows.common-controls_6595b64144ccf1df_6.0.19041.4355_none_60b8b9eb71f62e16\COMCTL32.dll
0x00007ffb47480000 - 0x00007ffb474a2000 	C:\WINDOWS\System32\win32u.dll
0x00007ffb49390000 - 0x00007ffb493bb000 	C:\WINDOWS\System32\GDI32.dll
0x00007ffb46d40000 - 0x00007ffb46e57000 	C:\WINDOWS\System32\gdi32full.dll
0x00007ffb47050000 - 0x00007ffb470ed000 	C:\WINDOWS\System32\msvcp_win.dll
0x00007ffb3bed0000 - 0x00007ffb3beda000 	C:\WINDOWS\SYSTEM32\VERSION.dll
0x00007ffb495c0000 - 0x00007ffb495ef000 	C:\WINDOWS\System32\IMM32.DLL
0x00007ffafd630000 - 0x00007ffafd6cb000 	C:\Program Files\Java\jdk-11.0.15.1\bin\msvcp140.dll
0x00007ffaab9e0000 - 0x00007ffaac4f6000 	C:\Program Files\Java\jdk-11.0.15.1\bin\server\jvm.dll
0x00007ffb48760000 - 0x00007ffb48768000 	C:\WINDOWS\System32\PSAPI.DLL
0x00007ffb2de90000 - 0x00007ffb2deb7000 	C:\WINDOWS\SYSTEM32\WINMM.dll
0x00007ffb26490000 - 0x00007ffb26499000 	C:\WINDOWS\SYSTEM32\WSOCK32.dll
0x00007ffb47750000 - 0x00007ffb477bb000 	C:\WINDOWS\System32\ws2_32.DLL
0x00007ffb45890000 - 0x00007ffb458a2000 	C:\WINDOWS\SYSTEM32\kernel.appcore.dll
0x00007ffb40970000 - 0x00007ffb40980000 	C:\Program Files\Java\jdk-11.0.15.1\bin\verify.dll
0x00007ffb40b60000 - 0x00007ffb40d44000 	C:\WINDOWS\SYSTEM32\DBGHELP.DLL
0x00007ffb2eb70000 - 0x00007ffb2eba4000 	C:\WINDOWS\SYSTEM32\dbgcore.DLL
0x00007ffb473f0000 - 0x00007ffb47472000 	C:\WINDOWS\System32\bcryptPrimitives.dll
0x00007ffb3a6f0000 - 0x00007ffb3a718000 	C:\Program Files\Java\jdk-11.0.15.1\bin\java.dll
0x00007ffb3df30000 - 0x00007ffb3df3a000 	C:\Program Files\Java\jdk-11.0.15.1\bin\jimage.dll
0x00007ffb3cd60000 - 0x00007ffb3cd76000 	C:\Program Files\Java\jdk-11.0.15.1\bin\zip.dll

dbghelp: loaded successfully - version: 4.0.5 - missing functions: none
symbol engine: initialized successfully - sym options: 0x614 - pdb path: .;C:\Program Files\Java\jdk-11.0.15.1\bin;C:\WINDOWS\SYSTEM32;C:\WINDOWS\WinSxS\amd64_microsoft.windows.common-controls_6595b64144ccf1df_6.0.19041.4355_none_60b8b9eb71f62e16;C:\Program Files\Java\jdk-11.0.15.1\bin\server

VM Arguments:
jvm_args: -Xmx64m -Xms64m -Dorg.gradle.appname=gradlew 
java_command: org.gradle.wrapper.GradleWrapperMain app:installRelease -PreactNativeDevServerPort=8081
java_class_path (initial): C:\project\cathat\android\\gradle\wrapper\gradle-wrapper.jar
Launcher Type: SUN_STANDARD

[Global flags]
     intx CICompilerCount                          = 3                                         {product} {ergonomic}
     uint ConcGCThreads                            = 1                                         {product} {ergonomic}
     uint G1ConcRefinementThreads                  = 4                                         {product} {ergonomic}
   size_t G1HeapRegionSize                         = 1048576                                   {product} {ergonomic}
    uintx GCDrainStackTargetSize                   = 64                                        {product} {ergonomic}
   size_t InitialHeapSize                          = 67108864                                  {product} {command line}
   size_t MarkStackSize                            = 4194304                                   {product} {ergonomic}
   size_t MaxHeapSize                              = 67108864                                  {product} {command line}
   size_t MinHeapDeltaBytes                        = 1048576                                   {product} {ergonomic}
    uintx NonNMethodCodeHeapSize                   = 5830732                                {pd product} {ergonomic}
    uintx NonProfiledCodeHeapSize                  = 122913754                              {pd product} {ergonomic}
    uintx ProfiledCodeHeapSize                     = 122913754                              {pd product} {ergonomic}
    uintx ReservedCodeCacheSize                    = 251658240                              {pd product} {ergonomic}
     bool SegmentedCodeCache                       = true                                      {product} {ergonomic}
     bool UseCompressedClassPointers               = true                                 {lp64_product} {ergonomic}
     bool UseCompressedOops                        = true                                 {lp64_product} {ergonomic}
     bool UseG1GC                                  = true                                      {product} {ergonomic}
     bool UseLargePagesIndividualAllocation        = false                                  {pd product} {ergonomic}

Logging:
Log output configuration:
 #0: stdout all=warning uptime,level,tags
 #1: stderr all=off uptime,level,tags

Environment Variables:
JAVA_HOME=C:\Program Files\Java\jdk-11.0.15.1
CLASSPATH=C:\project\cathat\android\\gradle\wrapper\gradle-wrapper.jar
PATH=C:\project\cathat\android\node_modules\.bin;C:\project\cathat\node_modules\.bin;C:\project\node_modules\.bin;C:\node_modules\.bin;C:\Program Files\nodejs;C:\project\cathat\node_modules\.bin;C:\project\cathat\node_modules\.bin;C:\project\node_modules\.bin;C:\node_modules\.bin;C:\Users\USER\AppData\Roaming\npm\node_modules\npm\node_modules\@npmcli\run-script\lib\node-gyp-bin;C:\Program Files\Common Files\Oracle\Java\javapath;C:\Program Files (x86)\Common Files\Oracle\Java\javapath;C:\WINDOWS\system32;C:\WINDOWS;C:\WINDOWS\System32\Wbem;C:\WINDOWS\System32\WindowsPowerShell\v1.0\;C:\WINDOWS\System32\OpenSSH\;C:\Program Files\Git\cmd;C:\Users\USER\AppData\Local\Android\Sdk\platform-tools;C:\Program Files\Java\jdk1.8.0_321\bin;C:\Program Files\PuTTY\;C:\xampp\php;C:\ProgramData\ComposerSetup\bin;C:\Program Files (x86)\Bitvise SSH Client;C:\Program Files\nodejs\;C:\Users\USER\AppData\Local\Microsoft\WindowsApps;C:\Users\USER\AppData\Local\Programs\Microsoft VS Code\bin;C:\Users\USER\AppData\Local\Android\Sdk\platform-tools;C:\Program Files\Java\jdk1.8.0_321\bin;C:\Users\USER\AppData\Roaming\Composer\vendor\bin;C:\Users\USER\AppData\Roaming\npm
USERNAME=USER
OS=Windows_NT
PROCESSOR_IDENTIFIER=Intel64 Family 6 Model 78 Stepping 3, GenuineIntel



---------------  S Y S T E M  ---------------

OS: Windows 10 , 64 bit Build 19041 (10.0.19041.4717)

CPU:total 4 (initial active 4) (2 cores per cpu, 2 threads per core) family 6 model 78 stepping 3 microcode 0xcc, cmov, cx8, fxsr, mmx, sse, sse2, sse3, ssse3, sse4.1, sse4.2, popcnt, avx, avx2, aes, clmul, erms, 3dnowpref, lzcnt, ht, tsc, tscinvbit, bmi1, bmi2, adx, fma

Memory: 4k page, system-wide physical 8088M (309M free)
TotalPageFile size 19384M (AvailPageFile size 4M)
current process WorkingSet (physical memory assigned to process): 9M, peak: 9M
current process commit charge ("private bytes"): 51M, peak: 115M

vm_info: Java HotSpot(TM) 64-Bit Server VM (11.0.15.1+2-LTS-10) for windows-amd64 JRE (11.0.15.1+2-LTS-10), built on Apr 25 2022 21:51:57 by "mach5one" with MS VC++ 15.9 (VS2017)

END.
